info it worked if it ends with ok
verbose cli [ 'nodejs', '/usr/bin/npm', 'start', 'gloc' ]
info using npm@1.1.19
info using node@v0.6.17
verbose config file /home/tikhon/.npmrc
verbose config file /usr/etc/npmrc
verbose config file /usr/lib/nodejs/npm/npmrc
ERR! Error: ENOENT, open '/home/tikhon/Documents/work/Ashima/gloc/src/node/gloc/node_modules/gloc/package.json'
ERR! You may report this log at:
ERR!     <http://github.com/isaacs/npm/issues>
ERR! or email it to:
ERR!     <npm-@googlegroups.com>
ERR! 
ERR! System Linux 3.3.1-3.fc16.x86_64
ERR! command "nodejs" "/usr/bin/npm" "start" "gloc"
ERR! cwd /home/tikhon/Documents/work/Ashima/gloc/src/node/gloc
ERR! node -v v0.6.17
ERR! npm -v 1.1.19
ERR! path /home/tikhon/Documents/work/Ashima/gloc/src/node/gloc/node_modules/gloc/package.json
ERR! code ENOENT
ERR! message ENOENT, open '/home/tikhon/Documents/work/Ashima/gloc/src/node/gloc/node_modules/gloc/package.json'
ERR! errno {}
verbose exit [ 1, true ]
